


ARM Macro Assembler    Page 1 


    1 00000000         ;            Computer Architectures - 02LSEOV 02LSEOQ   
                                ;
    2 00000000         ; author:   Paolo BERNARDI - Politecnico di Torino      
                            ;
    3 00000000         ; creation:  11 November 2018         ;
    4 00000000         ; last update:  1 Dicember 2020         ;
    5 00000000         ; functionalities:             ;
    6 00000000         ;  nothing but bringing to the reset handler     ;
    7 00000000         
    8 00000000         ; *------- <<< Use Configuration Wizard in Context Menu 
                       >>> ------------------
    9 00000000         
   10 00000000         ; <h> Stack Configuration
   11 00000000         ;   <o> Stack Size (in Bytes) <0x0-0xFFFFFFFF:8>
   12 00000000         ; </h>
   13 00000000         
   14 00000000 00000200 
                       Stack_Size
                               EQU              0x00000200
   15 00000000         
   16 00000000                 AREA             STACK, NOINIT, READWRITE, ALIGN
=3
   17 00000000                 SPACE            Stack_Size/2
   18 00000100         Stack_Mem
                               SPACE            Stack_Size/2
   19 00000200         __initial_sp
   20 00000200         
   21 00000200         
   22 00000200         
   23 00000200         
   24 00000200         ; <h> Heap Configuration
   25 00000200         ;   <o>  Heap Size (in Bytes) <0x0-0xFFFFFFFF:8>
   26 00000200         ; </h>
   27 00000200         
   28 00000200 00000200 
                       Heap_Size
                               EQU              0x00000200
   29 00000200         
   30 00000200                 AREA             HEAP, NOINIT, READWRITE, ALIGN=
3
   31 00000000         __heap_base
   32 00000000         Heap_Mem
                               SPACE            Heap_Size
   33 00000200         __heap_limit
   34 00000200         
   35 00000200         
   36 00000200                 PRESERVE8
   37 00000200                 THUMB
   38 00000200         
   39 00000200         
   40 00000200         ; Vector Table Mapped to Address 0 at Reset
   41 00000200         
   42 00000200                 AREA             RESET, DATA, READONLY
   43 00000000                 EXPORT           __Vectors
   44 00000000         ; 0x10000200
   45 00000000 00000000 
                       __Vectors
                               DCD              __initial_sp ; Top of Stack
   46 00000004 00000000        DCD              Reset_Handler ; Reset Handler



ARM Macro Assembler    Page 2 


   47 00000008 00000000        DCD              NMI_Handler ; NMI Handler
   48 0000000C 00000000        DCD              HardFault_Handler ; Hard Fault 
                                                            Handler
   49 00000010 00000000        DCD              MemManage_Handler 
                                                            ; MPU Fault Handler
                                                            
   50 00000014 00000000        DCD              BusFault_Handler 
                                                            ; Bus Fault Handler
                                                            
   51 00000018 00000000        DCD              UsageFault_Handler ; Usage Faul
                                                            t Handler
   52 0000001C 00000000        DCD              0           ; Reserved
   53 00000020 00000000        DCD              0           ; Reserved
   54 00000024 00000000        DCD              0           ; Reserved
   55 00000028 00000000        DCD              0           ; Reserved
   56 0000002C 00000000        DCD              SVC_Handler ; SVCall Handler
   57 00000030 00000000        DCD              DebugMon_Handler ; Debug Monito
                                                            r Handler
   58 00000034 00000000        DCD              0           ; Reserved
   59 00000038 00000000        DCD              PendSV_Handler ; PendSV Handler
                                                            
   60 0000003C 00000000        DCD              SysTick_Handler 
                                                            ; SysTick Handler
   61 00000040         
   62 00000040         ; External Interrupts
   63 00000040 00000000        DCD              WDT_IRQHandler ; 16: Watchdog T
                                                            imer
   64 00000044 00000000        DCD              TIMER0_IRQHandler ; 17: Timer0
   65 00000048 00000000        DCD              TIMER1_IRQHandler ; 18: Timer1
   66 0000004C 00000000        DCD              TIMER2_IRQHandler ; 19: Timer2
   67 00000050 00000000        DCD              TIMER3_IRQHandler ; 20: Timer3
   68 00000054 00000000        DCD              UART0_IRQHandler ; 21: UART0
   69 00000058 00000000        DCD              UART1_IRQHandler ; 22: UART1
   70 0000005C 00000000        DCD              UART2_IRQHandler ; 23: UART2
   71 00000060 00000000        DCD              UART3_IRQHandler ; 24: UART3
   72 00000064 00000000        DCD              PWM1_IRQHandler ; 25: PWM1
   73 00000068 00000000        DCD              I2C0_IRQHandler ; 26: I2C0
   74 0000006C 00000000        DCD              I2C1_IRQHandler ; 27: I2C1
   75 00000070 00000000        DCD              I2C2_IRQHandler ; 28: I2C2
   76 00000074 00000000        DCD              SPI_IRQHandler ; 29: SPI
   77 00000078 00000000        DCD              SSP0_IRQHandler ; 30: SSP0
   78 0000007C 00000000        DCD              SSP1_IRQHandler ; 31: SSP1
   79 00000080 00000000        DCD              PLL0_IRQHandler ; 32: PLL0 Lock
                                                             (Main PLL)
   80 00000084 00000000        DCD              RTC_IRQHandler ; 33: Real Time 
                                                            Clock
   81 00000088 00000000        DCD              EINT0_IRQHandler ; 34: External
                                                             Interrupt 0
   82 0000008C 00000000        DCD              EINT1_IRQHandler ; 35: External
                                                             Interrupt 1
   83 00000090 00000000        DCD              EINT2_IRQHandler ; 36: External
                                                             Interrupt 2
   84 00000094 00000000        DCD              EINT3_IRQHandler ; 37: External
                                                             Interrupt 3
   85 00000098 00000000        DCD              ADC_IRQHandler 
                                                            ; 38: A/D Converter
                                                            
   86 0000009C 00000000        DCD              BOD_IRQHandler ; 39: Brown-Out 
                                                            Detect



ARM Macro Assembler    Page 3 


   87 000000A0 00000000        DCD              USB_IRQHandler ; 40: USB
   88 000000A4 00000000        DCD              CAN_IRQHandler ; 41: CAN
   89 000000A8 00000000        DCD              DMA_IRQHandler ; 42: General Pu
                                                            rpose DMA
   90 000000AC 00000000        DCD              I2S_IRQHandler ; 43: I2S
   91 000000B0 00000000        DCD              ENET_IRQHandler ; 44: Ethernet
   92 000000B4 00000000        DCD              RIT_IRQHandler ; 45: Repetitive
                                                             Interrupt Timer
   93 000000B8 00000000        DCD              MCPWM_IRQHandler ; 46: Motor Co
                                                            ntrol PWM
   94 000000BC 00000000        DCD              QEI_IRQHandler ; 47: Quadrature
                                                             Encoder Interface
   95 000000C0 00000000        DCD              PLL1_IRQHandler ; 48: PLL1 Lock
                                                             (USB PLL)
   96 000000C4 00000000        DCD              USBActivity_IRQHandler ; 49: US
                                                            B Activity interrup
                                                            t to wakeup
   97 000000C8 00000000        DCD              CANActivity_IRQHandler ; 50: CA
                                                            N Activity interrup
                                                            t to wakeup
   98 000000CC         
   99 000000CC         
  100 000000CC                 IF               :LNOT::DEF:NO_CRP
  101 000000CC                 AREA             |.ARM.__at_0x02FC|, CODE, READO
NLY
  102 00000000 FFFFFFFF 
                       CRP_Key DCD              0xFFFFFFFF
  103 00000004                 ENDIF
  104 00000004         
  105 00000004         
  106 00000004                 AREA             src, DATA, READONLY
  107 00000000 01 03 04 
              05 07 09 
              0B 0D 0F 
              11 16    Source  DCB              1, 3, 4, 5, 7, 9, 11, 13, 15, 1
7, 22
  108 0000000B                 AREA             dest, DATA, READWRITE
  109 00000000 00 00 00 
              00 00 00 
              00 00 00 
              00 00 00 
              00 00 00 
              00 00 00 
              00 00 00 
              00 00 00 
              00 00 00 
              00 00 00 
              00 00 00 
              00 00 00 
              00 00 00 
              00 00 00 
              00 00 00 
              00 00 00 
              00 00 00 
              00 00 00 
              00 00 00 
              00 00 00 
              00 00 00 
              00 00 00 



ARM Macro Assembler    Page 4 


              00 00 00 
              00 00 00 
              00 00 00 
              00 00 00 
              00 00 00 
              00 00 00 
              00 00 00 
              00 00 00 
              00 00 00 
              00 00 00 
              00 00 00 
              00 00 00 
              00 00 00 
              00 00 00 
              00 00 00 
              00 00 00 
              00 00 00 
              00 00 00 
              00 00 00 
              00 00 00 
              00 00    Destination
                               SPACE            128
  110 00000080         
  111 00000080                 AREA             |.text|, CODE, READONLY
  112 00000000         
  113 00000000         
  114 00000000         ; Reset Handler
  115 00000000         
  116 00000000         Reset_Handler
                               PROC
  117 00000000                 EXPORT           Reset_Handler             [WEAK
]
  118 00000000         
  119 00000000         ; your code here
  120 00000000         
  121 00000000 F04F 0002       MOV              R0, #2
  122 00000004 F380 8814       MSR              CONTROL, R0
  123 00000008 F8DF D080       LDR              SP, =Stack_Mem
  124 0000000C         
  125 0000000C BF00            nop
  126 0000000E         
  127 0000000E 4920            LDR              R1, =Source
  128 00000010 4A20            LDR              R2, =Destination
  129 00000012         ;PUSH R0
  130 00000012         ;PUSH R1
  131 00000012 DF48            SVC              0x48        ;0x000000DA
  132 00000014         ;POP {R0}
  133 00000014         
  134 00000014 E7FE    InfLoop B                InfLoop
  135 00000016                 ENDP
  136 00000016         
  137 00000016         
  138 00000016         ; Dummy Exception Handlers (infinite loops which can be 
                       modified)
  139 00000016         
  140 00000016         NMI_Handler
                               PROC
  141 00000016                 EXPORT           NMI_Handler               [WEAK
]



ARM Macro Assembler    Page 5 


  142 00000016 E7FE            B                .
  143 00000018                 ENDP
  145 00000018         HardFault_Handler
                               PROC
  146 00000018                 EXPORT           HardFault_Handler         [WEAK
]
  147 00000018 E7FE            B                .
  148 0000001A                 ENDP
  150 0000001A         MemManage_Handler
                               PROC
  151 0000001A                 EXPORT           MemManage_Handler         [WEAK
]
  152 0000001A E7FE            B                .
  153 0000001C                 ENDP
  155 0000001C         BusFault_Handler
                               PROC
  156 0000001C                 EXPORT           BusFault_Handler          [WEAK
]
  157 0000001C E7FE            B                .
  158 0000001E                 ENDP
  160 0000001E         UsageFault_Handler
                               PROC
  161 0000001E                 EXPORT           UsageFault_Handler        [WEAK
]
  162 0000001E E7FE            B                .
  163 00000020                 ENDP
  164 00000020         SVC_Handler
                               PROC
  165 00000020                 EXPORT           SVC_Handler               [WEAK
]
  166 00000020         
  167 00000020         ; MRS R1, msp
  168 00000020 E92D 5FFF       STMFD            SP!, {R0-R12, LR}
  169 00000024 F3EF 8109       MRS              R1, psp
  170 00000028 6988            LDR              R0, [R1, #24] ;0x000000DC
  171 0000002A F850 0C04       LDR              R0, [R0,#-4] ;0x000000D8
  172 0000002E F020 407F       BIC              R0, #0xFF000000
  173 00000032 EA4F 4010       LSR              R0, #16
  174 00000036         
  175 00000036 2807    reset_label
                               CMP              R0, #7
  176 00000038 DC09            BGT              nop_label
  177 0000003A F85D 2020       LDR              R2, [SP, R0, LSL #2]
  178 0000003E F04F 0200       MOV              R2, #0
  179 00000042 F84D 2020       STR              R2, [SP, R0, LSL #2]
  180 00000046 E89D 0078       LDM              SP, {R3-R6}
  181 0000004A C178            STMIA            R1!, {R3-R6}
  182 0000004C E017            B                uscita
  183 0000004E         
  184 0000004E 280F    nop_label
                               CMP              R0, #15
  185 00000050 DC01            BGT              memcpy_label
  186 00000052 BF00            nop
  187 00000054 E013            B                uscita
  188 00000056         
  189 00000056 2840    memcpy_label
                               CMP              R0, #64
  190 00000058 DB11            BLT              uscita
  191 0000005A 287F            CMP              R0, #127



ARM Macro Assembler    Page 6 


  192 0000005C DC0F            BGT              uscita
  193 0000005E F000 023F       AND              R2, R0, #0x0000003F
  194 00000062 684B            LDR              R3, [R1, #4]
  195 00000064 688C            LDR              R4, [R1, #8]
  196 00000066         
  197 00000066 F04F 0500       MOV              R5, #0
  198 0000006A 4295    start   CMP              R5, R2
  199 0000006C D006            BEQ              store_result
  200 0000006E         
  201 0000006E F813 6B01       LDRB             R6, [R3], #1
  202 00000072 F804 6B01       STRB             R6, [R4], #1
  203 00000076         
  204 00000076 F105 0501       ADD              R5, R5, #1
  205 0000007A E7F6            B                start
  206 0000007C         
  207 0000007C 600A    store_result
                               STR              R2, [R1]
  208 0000007E         
  209 0000007E E8BD 5FFF 
                       uscita  LDMFD            SP!, {R0-R12, LR}
  210 00000082 4770            BX               LR
  211 00000084         
  212 00000084                 ENDP
  214 00000084         DebugMon_Handler
                               PROC
  215 00000084                 EXPORT           DebugMon_Handler          [WEAK
]
  216 00000084 E7FE            B                .
  217 00000086                 ENDP
  218 00000086         PendSV_Handler
                               PROC
  219 00000086                 EXPORT           PendSV_Handler            [WEAK
]
  220 00000086 E7FE            B                .
  221 00000088                 ENDP
  222 00000088         SysTick_Handler
                               PROC
  223 00000088                 EXPORT           SysTick_Handler           [WEAK
]
  224 00000088 E7FE            B                .
  225 0000008A                 ENDP
  226 0000008A         
  227 0000008A         Default_Handler
                               PROC
  228 0000008A         
  229 0000008A                 EXPORT           WDT_IRQHandler            [WEAK
]
  230 0000008A                 EXPORT           TIMER0_IRQHandler         [WEAK
]
  231 0000008A                 EXPORT           TIMER1_IRQHandler         [WEAK
]
  232 0000008A                 EXPORT           TIMER2_IRQHandler         [WEAK
]
  233 0000008A                 EXPORT           TIMER3_IRQHandler         [WEAK
]
  234 0000008A                 EXPORT           UART0_IRQHandler          [WEAK
]
  235 0000008A                 EXPORT           UART1_IRQHandler          [WEAK
]



ARM Macro Assembler    Page 7 


  236 0000008A                 EXPORT           UART2_IRQHandler          [WEAK
]
  237 0000008A                 EXPORT           UART3_IRQHandler          [WEAK
]
  238 0000008A                 EXPORT           PWM1_IRQHandler           [WEAK
]
  239 0000008A                 EXPORT           I2C0_IRQHandler           [WEAK
]
  240 0000008A                 EXPORT           I2C1_IRQHandler           [WEAK
]
  241 0000008A                 EXPORT           I2C2_IRQHandler           [WEAK
]
  242 0000008A                 EXPORT           SPI_IRQHandler            [WEAK
]
  243 0000008A                 EXPORT           SSP0_IRQHandler           [WEAK
]
  244 0000008A                 EXPORT           SSP1_IRQHandler           [WEAK
]
  245 0000008A                 EXPORT           PLL0_IRQHandler           [WEAK
]
  246 0000008A                 EXPORT           RTC_IRQHandler            [WEAK
]
  247 0000008A                 EXPORT           EINT0_IRQHandler          [WEAK
]
  248 0000008A                 EXPORT           EINT1_IRQHandler          [WEAK
]
  249 0000008A                 EXPORT           EINT2_IRQHandler          [WEAK
]
  250 0000008A                 EXPORT           EINT3_IRQHandler          [WEAK
]
  251 0000008A                 EXPORT           ADC_IRQHandler            [WEAK
]
  252 0000008A                 EXPORT           BOD_IRQHandler            [WEAK
]
  253 0000008A                 EXPORT           USB_IRQHandler            [WEAK
]
  254 0000008A                 EXPORT           CAN_IRQHandler            [WEAK
]
  255 0000008A                 EXPORT           DMA_IRQHandler            [WEAK
]
  256 0000008A                 EXPORT           I2S_IRQHandler            [WEAK
]
  257 0000008A                 EXPORT           ENET_IRQHandler           [WEAK
]
  258 0000008A                 EXPORT           RIT_IRQHandler            [WEAK
]
  259 0000008A                 EXPORT           MCPWM_IRQHandler          [WEAK
]
  260 0000008A                 EXPORT           QEI_IRQHandler            [WEAK
]
  261 0000008A                 EXPORT           PLL1_IRQHandler           [WEAK
]
  262 0000008A                 EXPORT           USBActivity_IRQHandler    [WEAK
]
  263 0000008A                 EXPORT           CANActivity_IRQHandler    [WEAK
]
  264 0000008A         
  265 0000008A         WDT_IRQHandler
  266 0000008A         TIMER0_IRQHandler



ARM Macro Assembler    Page 8 


  267 0000008A         TIMER1_IRQHandler
  268 0000008A         TIMER2_IRQHandler
  269 0000008A         TIMER3_IRQHandler
  270 0000008A         UART0_IRQHandler
  271 0000008A         UART1_IRQHandler
  272 0000008A         UART2_IRQHandler
  273 0000008A         UART3_IRQHandler
  274 0000008A         PWM1_IRQHandler
  275 0000008A         I2C0_IRQHandler
  276 0000008A         I2C1_IRQHandler
  277 0000008A         I2C2_IRQHandler
  278 0000008A         SPI_IRQHandler
  279 0000008A         SSP0_IRQHandler
  280 0000008A         SSP1_IRQHandler
  281 0000008A         PLL0_IRQHandler
  282 0000008A         RTC_IRQHandler
  283 0000008A         EINT0_IRQHandler
  284 0000008A         EINT1_IRQHandler
  285 0000008A         EINT2_IRQHandler
  286 0000008A         EINT3_IRQHandler
  287 0000008A         ADC_IRQHandler
  288 0000008A         BOD_IRQHandler
  289 0000008A         USB_IRQHandler
  290 0000008A         CAN_IRQHandler
  291 0000008A         DMA_IRQHandler
  292 0000008A         I2S_IRQHandler
  293 0000008A         ENET_IRQHandler
  294 0000008A         RIT_IRQHandler
  295 0000008A         MCPWM_IRQHandler
  296 0000008A         QEI_IRQHandler
  297 0000008A         PLL1_IRQHandler
  298 0000008A         USBActivity_IRQHandler
  299 0000008A         CANActivity_IRQHandler
  300 0000008A         
  301 0000008A E7FE            B                .
  302 0000008C         
  303 0000008C                 ENDP
  304 0000008C         
  305 0000008C         
  306 0000008C                 ALIGN
  307 0000008C         
  308 0000008C         
  309 0000008C         ; User Initial Stack & Heap
  310 0000008C         
  311 0000008C                 EXPORT           __initial_sp
  312 0000008C                 EXPORT           __heap_base
  313 0000008C                 EXPORT           __heap_limit
  314 0000008C         
  315 0000008C                 END
              00000000 
              00000000 
              00000000 
Command Line: --debug --xref --diag_suppress=9931 --cpu=Cortex-M3 --apcs=interw
ork --depend=.\template.d -o.\template.o -I.\RTE\_Target_1 -IC:\Users\HP\AppDat
a\Local\Arm\Packs\ARM\CMSIS\5.9.0\CMSIS\Core\Include -IC:\Users\HP\AppData\Loca
l\Arm\Packs\Keil\LPC1700_DFP\2.7.1\Device\Include --predefine="__EVAL SETA 1" -
-predefine="__UVISION_VERSION SETA 538" --predefine="_RTE_ SETA 1" --predefine=
"LPC175x_6x SETA 1" --predefine="_RTE_ SETA 1" --list=.\template.lst template.s



ARM Macro Assembler    Page 1 Alphabetic symbol ordering
Relocatable symbols

STACK 00000000

Symbol: STACK
   Definitions
      At line 16 in file template.s
   Uses
      None
Comment: STACK unused
Stack_Mem 00000100

Symbol: Stack_Mem
   Definitions
      At line 18 in file template.s
   Uses
      At line 123 in file template.s
Comment: Stack_Mem used once
__initial_sp 00000200

Symbol: __initial_sp
   Definitions
      At line 19 in file template.s
   Uses
      At line 45 in file template.s
      At line 311 in file template.s

3 symbols



ARM Macro Assembler    Page 1 Alphabetic symbol ordering
Relocatable symbols

HEAP 00000000

Symbol: HEAP
   Definitions
      At line 30 in file template.s
   Uses
      None
Comment: HEAP unused
Heap_Mem 00000000

Symbol: Heap_Mem
   Definitions
      At line 32 in file template.s
   Uses
      None
Comment: Heap_Mem unused
__heap_base 00000000

Symbol: __heap_base
   Definitions
      At line 31 in file template.s
   Uses
      At line 312 in file template.s
Comment: __heap_base used once
__heap_limit 00000200

Symbol: __heap_limit
   Definitions
      At line 33 in file template.s
   Uses
      At line 313 in file template.s
Comment: __heap_limit used once
4 symbols



ARM Macro Assembler    Page 1 Alphabetic symbol ordering
Relocatable symbols

RESET 00000000

Symbol: RESET
   Definitions
      At line 42 in file template.s
   Uses
      None
Comment: RESET unused
__Vectors 00000000

Symbol: __Vectors
   Definitions
      At line 45 in file template.s
   Uses
      At line 43 in file template.s
Comment: __Vectors used once
2 symbols



ARM Macro Assembler    Page 1 Alphabetic symbol ordering
Relocatable symbols

.ARM.__at_0x02FC 00000000

Symbol: .ARM.__at_0x02FC
   Definitions
      At line 101 in file template.s
   Uses
      None
Comment: .ARM.__at_0x02FC unused
CRP_Key 00000000

Symbol: CRP_Key
   Definitions
      At line 102 in file template.s
   Uses
      None
Comment: CRP_Key unused
2 symbols



ARM Macro Assembler    Page 1 Alphabetic symbol ordering
Relocatable symbols

Source 00000000

Symbol: Source
   Definitions
      At line 107 in file template.s
   Uses
      At line 127 in file template.s
Comment: Source used once
src 00000000

Symbol: src
   Definitions
      At line 106 in file template.s
   Uses
      None
Comment: src unused
2 symbols



ARM Macro Assembler    Page 1 Alphabetic symbol ordering
Relocatable symbols

Destination 00000000

Symbol: Destination
   Definitions
      At line 109 in file template.s
   Uses
      At line 128 in file template.s
Comment: Destination used once
dest 00000000

Symbol: dest
   Definitions
      At line 108 in file template.s
   Uses
      None
Comment: dest unused
2 symbols



ARM Macro Assembler    Page 1 Alphabetic symbol ordering
Relocatable symbols

.text 00000000

Symbol: .text
   Definitions
      At line 111 in file template.s
   Uses
      None
Comment: .text unused
ADC_IRQHandler 0000008A

Symbol: ADC_IRQHandler
   Definitions
      At line 287 in file template.s
   Uses
      At line 85 in file template.s
      At line 251 in file template.s

BOD_IRQHandler 0000008A

Symbol: BOD_IRQHandler
   Definitions
      At line 288 in file template.s
   Uses
      At line 86 in file template.s
      At line 252 in file template.s

BusFault_Handler 0000001C

Symbol: BusFault_Handler
   Definitions
      At line 155 in file template.s
   Uses
      At line 50 in file template.s
      At line 156 in file template.s

CANActivity_IRQHandler 0000008A

Symbol: CANActivity_IRQHandler
   Definitions
      At line 299 in file template.s
   Uses
      At line 97 in file template.s
      At line 263 in file template.s

CAN_IRQHandler 0000008A

Symbol: CAN_IRQHandler
   Definitions
      At line 290 in file template.s
   Uses
      At line 88 in file template.s
      At line 254 in file template.s

DMA_IRQHandler 0000008A

Symbol: DMA_IRQHandler
   Definitions
      At line 291 in file template.s
   Uses



ARM Macro Assembler    Page 2 Alphabetic symbol ordering
Relocatable symbols

      At line 89 in file template.s
      At line 255 in file template.s

DebugMon_Handler 00000084

Symbol: DebugMon_Handler
   Definitions
      At line 214 in file template.s
   Uses
      At line 57 in file template.s
      At line 215 in file template.s

Default_Handler 0000008A

Symbol: Default_Handler
   Definitions
      At line 227 in file template.s
   Uses
      None
Comment: Default_Handler unused
EINT0_IRQHandler 0000008A

Symbol: EINT0_IRQHandler
   Definitions
      At line 283 in file template.s
   Uses
      At line 81 in file template.s
      At line 247 in file template.s

EINT1_IRQHandler 0000008A

Symbol: EINT1_IRQHandler
   Definitions
      At line 284 in file template.s
   Uses
      At line 82 in file template.s
      At line 248 in file template.s

EINT2_IRQHandler 0000008A

Symbol: EINT2_IRQHandler
   Definitions
      At line 285 in file template.s
   Uses
      At line 83 in file template.s
      At line 249 in file template.s

EINT3_IRQHandler 0000008A

Symbol: EINT3_IRQHandler
   Definitions
      At line 286 in file template.s
   Uses
      At line 84 in file template.s
      At line 250 in file template.s

ENET_IRQHandler 0000008A

Symbol: ENET_IRQHandler



ARM Macro Assembler    Page 3 Alphabetic symbol ordering
Relocatable symbols

   Definitions
      At line 293 in file template.s
   Uses
      At line 91 in file template.s
      At line 257 in file template.s

HardFault_Handler 00000018

Symbol: HardFault_Handler
   Definitions
      At line 145 in file template.s
   Uses
      At line 48 in file template.s
      At line 146 in file template.s

I2C0_IRQHandler 0000008A

Symbol: I2C0_IRQHandler
   Definitions
      At line 275 in file template.s
   Uses
      At line 73 in file template.s
      At line 239 in file template.s

I2C1_IRQHandler 0000008A

Symbol: I2C1_IRQHandler
   Definitions
      At line 276 in file template.s
   Uses
      At line 74 in file template.s
      At line 240 in file template.s

I2C2_IRQHandler 0000008A

Symbol: I2C2_IRQHandler
   Definitions
      At line 277 in file template.s
   Uses
      At line 75 in file template.s
      At line 241 in file template.s

I2S_IRQHandler 0000008A

Symbol: I2S_IRQHandler
   Definitions
      At line 292 in file template.s
   Uses
      At line 90 in file template.s
      At line 256 in file template.s

InfLoop 00000014

Symbol: InfLoop
   Definitions
      At line 134 in file template.s
   Uses
      At line 134 in file template.s
Comment: InfLoop used once



ARM Macro Assembler    Page 4 Alphabetic symbol ordering
Relocatable symbols

MCPWM_IRQHandler 0000008A

Symbol: MCPWM_IRQHandler
   Definitions
      At line 295 in file template.s
   Uses
      At line 93 in file template.s
      At line 259 in file template.s

MemManage_Handler 0000001A

Symbol: MemManage_Handler
   Definitions
      At line 150 in file template.s
   Uses
      At line 49 in file template.s
      At line 151 in file template.s

NMI_Handler 00000016

Symbol: NMI_Handler
   Definitions
      At line 140 in file template.s
   Uses
      At line 47 in file template.s
      At line 141 in file template.s

PLL0_IRQHandler 0000008A

Symbol: PLL0_IRQHandler
   Definitions
      At line 281 in file template.s
   Uses
      At line 79 in file template.s
      At line 245 in file template.s

PLL1_IRQHandler 0000008A

Symbol: PLL1_IRQHandler
   Definitions
      At line 297 in file template.s
   Uses
      At line 95 in file template.s
      At line 261 in file template.s

PWM1_IRQHandler 0000008A

Symbol: PWM1_IRQHandler
   Definitions
      At line 274 in file template.s
   Uses
      At line 72 in file template.s
      At line 238 in file template.s

PendSV_Handler 00000086

Symbol: PendSV_Handler
   Definitions
      At line 218 in file template.s



ARM Macro Assembler    Page 5 Alphabetic symbol ordering
Relocatable symbols

   Uses
      At line 59 in file template.s
      At line 219 in file template.s

QEI_IRQHandler 0000008A

Symbol: QEI_IRQHandler
   Definitions
      At line 296 in file template.s
   Uses
      At line 94 in file template.s
      At line 260 in file template.s

RIT_IRQHandler 0000008A

Symbol: RIT_IRQHandler
   Definitions
      At line 294 in file template.s
   Uses
      At line 92 in file template.s
      At line 258 in file template.s

RTC_IRQHandler 0000008A

Symbol: RTC_IRQHandler
   Definitions
      At line 282 in file template.s
   Uses
      At line 80 in file template.s
      At line 246 in file template.s

Reset_Handler 00000000

Symbol: Reset_Handler
   Definitions
      At line 116 in file template.s
   Uses
      At line 46 in file template.s
      At line 117 in file template.s

SPI_IRQHandler 0000008A

Symbol: SPI_IRQHandler
   Definitions
      At line 278 in file template.s
   Uses
      At line 76 in file template.s
      At line 242 in file template.s

SSP0_IRQHandler 0000008A

Symbol: SSP0_IRQHandler
   Definitions
      At line 279 in file template.s
   Uses
      At line 77 in file template.s
      At line 243 in file template.s

SSP1_IRQHandler 0000008A



ARM Macro Assembler    Page 6 Alphabetic symbol ordering
Relocatable symbols


Symbol: SSP1_IRQHandler
   Definitions
      At line 280 in file template.s
   Uses
      At line 78 in file template.s
      At line 244 in file template.s

SVC_Handler 00000020

Symbol: SVC_Handler
   Definitions
      At line 164 in file template.s
   Uses
      At line 56 in file template.s
      At line 165 in file template.s

SysTick_Handler 00000088

Symbol: SysTick_Handler
   Definitions
      At line 222 in file template.s
   Uses
      At line 60 in file template.s
      At line 223 in file template.s

TIMER0_IRQHandler 0000008A

Symbol: TIMER0_IRQHandler
   Definitions
      At line 266 in file template.s
   Uses
      At line 64 in file template.s
      At line 230 in file template.s

TIMER1_IRQHandler 0000008A

Symbol: TIMER1_IRQHandler
   Definitions
      At line 267 in file template.s
   Uses
      At line 65 in file template.s
      At line 231 in file template.s

TIMER2_IRQHandler 0000008A

Symbol: TIMER2_IRQHandler
   Definitions
      At line 268 in file template.s
   Uses
      At line 66 in file template.s
      At line 232 in file template.s

TIMER3_IRQHandler 0000008A

Symbol: TIMER3_IRQHandler
   Definitions
      At line 269 in file template.s
   Uses



ARM Macro Assembler    Page 7 Alphabetic symbol ordering
Relocatable symbols

      At line 67 in file template.s
      At line 233 in file template.s

UART0_IRQHandler 0000008A

Symbol: UART0_IRQHandler
   Definitions
      At line 270 in file template.s
   Uses
      At line 68 in file template.s
      At line 234 in file template.s

UART1_IRQHandler 0000008A

Symbol: UART1_IRQHandler
   Definitions
      At line 271 in file template.s
   Uses
      At line 69 in file template.s
      At line 235 in file template.s

UART2_IRQHandler 0000008A

Symbol: UART2_IRQHandler
   Definitions
      At line 272 in file template.s
   Uses
      At line 70 in file template.s
      At line 236 in file template.s

UART3_IRQHandler 0000008A

Symbol: UART3_IRQHandler
   Definitions
      At line 273 in file template.s
   Uses
      At line 71 in file template.s
      At line 237 in file template.s

USBActivity_IRQHandler 0000008A

Symbol: USBActivity_IRQHandler
   Definitions
      At line 298 in file template.s
   Uses
      At line 96 in file template.s
      At line 262 in file template.s

USB_IRQHandler 0000008A

Symbol: USB_IRQHandler
   Definitions
      At line 289 in file template.s
   Uses
      At line 87 in file template.s
      At line 253 in file template.s

UsageFault_Handler 0000001E




ARM Macro Assembler    Page 8 Alphabetic symbol ordering
Relocatable symbols

Symbol: UsageFault_Handler
   Definitions
      At line 160 in file template.s
   Uses
      At line 51 in file template.s
      At line 161 in file template.s

WDT_IRQHandler 0000008A

Symbol: WDT_IRQHandler
   Definitions
      At line 265 in file template.s
   Uses
      At line 63 in file template.s
      At line 229 in file template.s

memcpy_label 00000056

Symbol: memcpy_label
   Definitions
      At line 189 in file template.s
   Uses
      At line 185 in file template.s
Comment: memcpy_label used once
nop_label 0000004E

Symbol: nop_label
   Definitions
      At line 184 in file template.s
   Uses
      At line 176 in file template.s
Comment: nop_label used once
reset_label 00000036

Symbol: reset_label
   Definitions
      At line 175 in file template.s
   Uses
      None
Comment: reset_label unused
start 0000006A

Symbol: start
   Definitions
      At line 198 in file template.s
   Uses
      At line 205 in file template.s
Comment: start used once
store_result 0000007C

Symbol: store_result
   Definitions
      At line 207 in file template.s
   Uses
      At line 199 in file template.s
Comment: store_result used once
uscita 0000007E

Symbol: uscita



ARM Macro Assembler    Page 9 Alphabetic symbol ordering
Relocatable symbols

   Definitions
      At line 209 in file template.s
   Uses
      At line 182 in file template.s
      At line 187 in file template.s
      At line 190 in file template.s
      At line 192 in file template.s

54 symbols



ARM Macro Assembler    Page 1 Alphabetic symbol ordering
Absolute symbols

Heap_Size 00000200

Symbol: Heap_Size
   Definitions
      At line 28 in file template.s
   Uses
      At line 32 in file template.s
Comment: Heap_Size used once
Stack_Size 00000200

Symbol: Stack_Size
   Definitions
      At line 14 in file template.s
   Uses
      At line 17 in file template.s
      At line 18 in file template.s

2 symbols
409 symbols in table
