


ARM Macro Assembler    Page 1 


    1 00000000         ;/******************************************************
                       ***********************
    2 00000000         ; * @file:    startup_LPC17xx.s
    3 00000000         ; * @purpose: CMSIS Cortex-M3 Core Device Startup File 
    4 00000000         ; *           for the NXP LPC17xx Device Series 
    5 00000000         ; * @version: V1.01
    6 00000000         ; * @date:    21. December 2009
    7 00000000         ; *------- <<< Use Configuration Wizard in Context Menu 
                       >>> ------------------
    8 00000000         ; *
    9 00000000         ; * Copyright (C) 2009 ARM Limited. All rights reserved.
                       
   10 00000000         ; * ARM Limited (ARM) is supplying this software for use
                        with Cortex-M3 
   11 00000000         ; * processor based microcontrollers.  This file can be 
                       freely distributed 
   12 00000000         ; * within development tools that are supporting such AR
                       M based processors. 
   13 00000000         ; *
   14 00000000         ; * THIS SOFTWARE IS PROVIDED "AS IS".  NO WARRANTIES, W
                       HETHER EXPRESS, IMPLIED
   15 00000000         ; * OR STATUTORY, INCLUDING, BUT NOT LIMITED TO, IMPLIED
                        WARRANTIES OF
   16 00000000         ; * MERCHANTABILITY AND FITNESS FOR A PARTICULAR PURPOSE
                        APPLY TO THIS SOFTWARE.
   17 00000000         ; * ARM SHALL NOT, IN ANY CIRCUMSTANCES, BE LIABLE FOR S
                       PECIAL, INCIDENTAL, OR
   18 00000000         ; * CONSEQUENTIAL DAMAGES, FOR ANY REASON WHATSOEVER.
   19 00000000         ; *
   20 00000000         ; ******************************************************
                       ***********************/
   21 00000000         
   22 00000000         
   23 00000000         ; <h> Stack Configuration
   24 00000000         ;   <o> Stack Size (in Bytes) <0x0-0xFFFFFFFF:8>
   25 00000000         ; </h>
   26 00000000         
   27 00000000 00000200 
                       Stack_Size
                               EQU              0x00000200
   28 00000000         
   29 00000000                 AREA             STACK, NOINIT, READWRITE, ALIGN
=3
   30 00000000         Stack_Mem
                               SPACE            Stack_Size
   31 00000200         __initial_sp
   32 00000200         
   33 00000200         
   34 00000200         ; <h> Heap Configuration
   35 00000200         ;   <o>  Heap Size (in Bytes) <0x0-0xFFFFFFFF:8>
   36 00000200         ; </h>
   37 00000200         
   38 00000200 00000000 
                       Heap_Size
                               EQU              0x00000000
   39 00000200         
   40 00000200                 AREA             HEAP, NOINIT, READWRITE, ALIGN=
3
   41 00000000         __heap_base



ARM Macro Assembler    Page 2 


   42 00000000         Heap_Mem
                               SPACE            Heap_Size
   43 00000000         __heap_limit
   44 00000000         
   45 00000000         
   46 00000000                 PRESERVE8
   47 00000000                 THUMB
   48 00000000         
   49 00000000         
   50 00000000         ; Vector Table Mapped to Address 0 at Reset
   51 00000000         
   52 00000000                 AREA             RESET, DATA, READONLY
   53 00000000                 EXPORT           __Vectors
   54 00000000         
   55 00000000 00000000 
                       __Vectors
                               DCD              __initial_sp ; Top of Stack
   56 00000004 00000000        DCD              Reset_Handler ; Reset Handler
   57 00000008 00000000        DCD              NMI_Handler ; NMI Handler
   58 0000000C 00000000        DCD              HardFault_Handler ; Hard Fault 
                                                            Handler
   59 00000010 00000000        DCD              MemManage_Handler 
                                                            ; MPU Fault Handler
                                                            
   60 00000014 00000000        DCD              BusFault_Handler 
                                                            ; Bus Fault Handler
                                                            
   61 00000018 00000000        DCD              UsageFault_Handler ; Usage Faul
                                                            t Handler
   62 0000001C 00000000        DCD              0           ; Reserved
   63 00000020 00000000        DCD              0           ; Reserved
   64 00000024 00000000        DCD              0           ; Reserved
   65 00000028 00000000        DCD              0           ; Reserved
   66 0000002C 00000000        DCD              SVC_Handler ; SVCall Handler
   67 00000030 00000000        DCD              DebugMon_Handler ; Debug Monito
                                                            r Handler
   68 00000034 00000000        DCD              0           ; Reserved
   69 00000038 00000000        DCD              PendSV_Handler ; PendSV Handler
                                                            
   70 0000003C 00000000        DCD              SysTick_Handler 
                                                            ; SysTick Handler
   71 00000040         
   72 00000040         ; External Interrupts
   73 00000040 00000000        DCD              WDT_IRQHandler ; 16: Watchdog T
                                                            imer
   74 00000044 00000000        DCD              TIMER0_IRQHandler ; 17: Timer0
   75 00000048 00000000        DCD              TIMER1_IRQHandler ; 18: Timer1
   76 0000004C 00000000        DCD              TIMER2_IRQHandler ; 19: Timer2
   77 00000050 00000000        DCD              TIMER3_IRQHandler ; 20: Timer3
   78 00000054 00000000        DCD              UART0_IRQHandler ; 21: UART0
   79 00000058 00000000        DCD              UART1_IRQHandler ; 22: UART1
   80 0000005C 00000000        DCD              UART2_IRQHandler ; 23: UART2
   81 00000060 00000000        DCD              UART3_IRQHandler ; 24: UART3
   82 00000064 00000000        DCD              PWM1_IRQHandler ; 25: PWM1
   83 00000068 00000000        DCD              I2C0_IRQHandler ; 26: I2C0
   84 0000006C 00000000        DCD              I2C1_IRQHandler ; 27: I2C1
   85 00000070 00000000        DCD              I2C2_IRQHandler ; 28: I2C2
   86 00000074 00000000        DCD              SPI_IRQHandler ; 29: SPI
   87 00000078 00000000        DCD              SSP0_IRQHandler ; 30: SSP0



ARM Macro Assembler    Page 3 


   88 0000007C 00000000        DCD              SSP1_IRQHandler ; 31: SSP1
   89 00000080 00000000        DCD              PLL0_IRQHandler ; 32: PLL0 Lock
                                                             (Main PLL)
   90 00000084 00000000        DCD              RTC_IRQHandler ; 33: Real Time 
                                                            Clock
   91 00000088 00000000        DCD              EINT0_IRQHandler ; 34: External
                                                             Interrupt 0
   92 0000008C 00000000        DCD              EINT1_IRQHandler ; 35: External
                                                             Interrupt 1
   93 00000090 00000000        DCD              EINT2_IRQHandler ; 36: External
                                                             Interrupt 2
   94 00000094 00000000        DCD              EINT3_IRQHandler ; 37: External
                                                             Interrupt 3
   95 00000098 00000000        DCD              ADC_IRQHandler 
                                                            ; 38: A/D Converter
                                                            
   96 0000009C 00000000        DCD              BOD_IRQHandler ; 39: Brown-Out 
                                                            Detect
   97 000000A0 00000000        DCD              USB_IRQHandler ; 40: USB
   98 000000A4 00000000        DCD              CAN_IRQHandler ; 41: CAN
   99 000000A8 00000000        DCD              DMA_IRQHandler ; 42: General Pu
                                                            rpose DMA
  100 000000AC 00000000        DCD              I2S_IRQHandler ; 43: I2S
  101 000000B0 00000000        DCD              ENET_IRQHandler ; 44: Ethernet
  102 000000B4 00000000        DCD              RIT_IRQHandler ; 45: Repetitive
                                                             Interrupt Timer
  103 000000B8 00000000        DCD              MCPWM_IRQHandler ; 46: Motor Co
                                                            ntrol PWM
  104 000000BC 00000000        DCD              QEI_IRQHandler ; 47: Quadrature
                                                             Encoder Interface
  105 000000C0 00000000        DCD              PLL1_IRQHandler ; 48: PLL1 Lock
                                                             (USB PLL)
  106 000000C4 00000000        DCD              USBActivity_IRQHandler ; USB Ac
                                                            tivity interrupt to
                                                             wakeup
  107 000000C8 00000000        DCD              CANActivity_IRQHandler ; CAN Ac
                                                            tivity interrupt to
                                                             wakeup
  108 000000CC         
  109 000000CC         
  110 000000CC                 IF               :LNOT::DEF:NO_CRP
  111 000000CC                 AREA             |.ARM.__at_0x02FC|, CODE, READO
NLY
  112 00000000 FFFFFFFF 
                       CRP_Key DCD              0xFFFFFFFF
  113 00000004                 ENDIF
  114 00000004         
  115 00000004                 AREA             morse, DATA, READONLY, align = 
4
  116 00000000 000003FD 
              00000FF8 
              00000FFA 
              000007FC 
              000001FE 
              00000FF2 
              000007FE 
              00000FF0 morse_symbols
                               DCD              1021, 4088, 4090, 2044, 510, 40
82, 2046, 4080



ARM Macro Assembler    Page 4 


  117 00000020 000003FC 
              00000FF7 
              000007FD 
              00000FF4 
              000003FF 
              000003FE 
              000007FF 
              00000FF6         DCD              1020, 4087, 2045, 4084, 1023, 1
022, 2047, 4086
  118 00000040 00000FFD 
              000007FA 
              000007F8 
              000001FF 
              000007F9 
              00000FF1 
              000007FB 
              00000FF9         DCD              4093, 2042, 2040, 511, 2041, 40
81, 2043, 4089
  119 00000060 00000FFB 
              00000FFC 
              00001FEF 
              00001FE7 
              00001FE3 
              00001FE1 
              00001FE0 
              00001FF0         DCD              4091, 4092, 8175, 8167, 8163, 8
161, 8160, 8176
  120 00000080 00001FF8 
              00001FFC 
              00001FFE 
              00001FFF         DCD              8184, 8188, 8190, 8191
  121 00000090         
  122 00000090 41 42 43 
              44 45 46 
              47 48 49 
              4A 4B 4C 
              4D 4E 4F 
              50 51 52 
              53 54 55 
              56 57 58 
              59 5A 31 
              32 33 34 
              35 36 37 
              38 39 30 converted_symbols
                               DCB              "ABCDEFGHIJKLMNOPQRSTUVWXYZ1234
567890"
  123 000000B4         
  124 000000B4                 AREA             morse_code, CODE, READONLY
  125 00000000                 EXPORT           translate_morse
  126 00000000 46EC    translate_morse
                               MOV              R12, sp
  127 00000002 E92D 4DF0       STMFD            SP!, {R4-R8, R10, R11, LR}
  128 00000006         
  129 00000006 F04F 0700       MOV              R7, #0      ; output index
  130 0000000A F04F 0800       MOV              R8, #0      ; input index
  131 0000000E F04F 0BFF       MOV              R11, #0x000000FF ; symbol start
                                                            ing value, never pr
                                                            esent in an encodin
                                                            g



ARM Macro Assembler    Page 5 


  132 00000012         
  133 00000012 4588    char_loop
                               CMP              R8, R1
  134 00000014 D02B            BEQ              result
  135 00000016         
  136 00000016 F810 AB01       LDRB             R10, [R0], #1 ; current char
  137 0000001A F8DC 4000       LDR              R4, [R12]   ; change_symbol
  138 0000001E 45A2            CMP              R10, R4
  139 00000020 BFB8 EA4A 
              0B4B     update_symbol
                               ORRLT            R11, R10, R11, LSL #1 ; update 
                                                            symbol if char is 0
                                                             or 1
  140 00000026 DB1F            BLT              next
  141 00000028         
  142 00000028 F04F 0400 
                       cfr_symbol
                               MOV              R4, #0
  143 0000002C 4653            MOV              R3, R10
  144 0000002E 4E12            LDR              R6, =morse_symbols ; morse enco
                                                            dings as 2_11111111
                                                            "n", where n is an 
                                                            encoding
  145 00000030 F8DF A048       LDR              R10, =converted_symbols ; alpha
                                                            numeric character c
                                                            orresponding to a m
                                                            orse encoding
  146 00000034         
  147 00000034 2C24    cfr_loop
                               CMP              R4, #36
  148 00000036 D00E            BEQ              check_space
  149 00000038         
  150 00000038 F856 5B04       LDR              R5, [R6], #4 ; current morse en
                                                            coding
  151 0000003C 455D            CMP              R5, R11
  152 0000003E BF01 F81A 
              A004             LDRBEQ           R10, [R10, R4] ; if match, load
                                                             current alnum char
                                                            
  153 00000044 F802 A007       STRBEQ           R10, [R2, R7] ; if match, store
                                                             loaded char into o
                                                            utput vector
  154 00000048 1C7F            ADDEQ            R7, R7, #1  ; if match, increme
                                                            nt output vector le
                                                            ngth
  155 0000004A F04F 0BFF       MOVEQ            R11, #0x000000FF ; if match, re
                                                            set symbol to its s
                                                            tarting value
  156 0000004E D002            BEQ              check_space ; if match, skip ne
                                                            xt encodings
  157 00000050         
  158 00000050 F104 0401       ADD              R4, R4, #1  ; if not match, ski
                                                            p to next encoding
  159 00000054 E7EE            B                cfr_loop
  160 00000056         
  161 00000056 F8DC 5004 
                       check_space
                               LDR              R5, [R12, #4] ; load space char
                                                             constant into mors



ARM Macro Assembler    Page 6 


                                                            e string
  162 0000005A 42AB            CMP              R3, R5      ; space comparison
  163 0000005C BF02 F04F 
              0A20             MOVEQ            R10, #0x20
  164 00000062 F802 A007       STRBEQ           R10, [R2, R7] ; if match, store
                                                             space character in
                                                            to output vector
  165 00000066 1C7F            ADDEQ            R7, R7, #1  ; if match, increme
                                                            nt output vector le
                                                            ngth
  166 00000068         
  167 00000068 F108 0801 
                       next    ADD              R8, R8, #1  ; skip to next mors
                                                            e character
  168 0000006C E7D1            B                char_loop
  169 0000006E         
  170 0000006E 4638    result  MOV              R0, R7      ; store output vect
                                                            or length into resu
                                                            lt
  171 00000070 E8BD 4DF0       LDMFD            SP!, {R4-R8, R10, R11, LR}
  172 00000074 4770            BX               LR
  173 00000076         
  174 00000076 00 00 00000000 
              00000000         AREA             |.text|, CODE, READONLY
  175 00000000         
  176 00000000         
  177 00000000         ; Reset Handler
  178 00000000         
  179 00000000         Reset_Handler
                               PROC
  180 00000000                 EXPORT           Reset_Handler             [WEAK
]
  181 00000000                 IMPORT           __main
  182 00000000 4808            LDR              R0, =__main
  183 00000002 4700            BX               R0
  184 00000004                 ENDP
  185 00000004         
  186 00000004         
  187 00000004         ; Dummy Exception Handlers (infinite loops which can be 
                       modified)                
  188 00000004         
  189 00000004         NMI_Handler
                               PROC
  190 00000004                 EXPORT           NMI_Handler               [WEAK
]
  191 00000004 E7FE            B                .
  192 00000006                 ENDP
  194 00000006         HardFault_Handler
                               PROC
  195 00000006                 EXPORT           HardFault_Handler         [WEAK
]
  196 00000006 E7FE            B                .
  197 00000008                 ENDP
  199 00000008         MemManage_Handler
                               PROC
  200 00000008                 EXPORT           MemManage_Handler         [WEAK
]
  201 00000008 E7FE            B                .
  202 0000000A                 ENDP



ARM Macro Assembler    Page 7 


  204 0000000A         BusFault_Handler
                               PROC
  205 0000000A                 EXPORT           BusFault_Handler          [WEAK
]
  206 0000000A E7FE            B                .
  207 0000000C                 ENDP
  209 0000000C         UsageFault_Handler
                               PROC
  210 0000000C                 EXPORT           UsageFault_Handler        [WEAK
]
  211 0000000C E7FE            B                .
  212 0000000E                 ENDP
  213 0000000E         SVC_Handler
                               PROC
  214 0000000E                 EXPORT           SVC_Handler               [WEAK
]
  215 0000000E E7FE            B                .
  216 00000010                 ENDP
  218 00000010         DebugMon_Handler
                               PROC
  219 00000010                 EXPORT           DebugMon_Handler          [WEAK
]
  220 00000010 E7FE            B                .
  221 00000012                 ENDP
  222 00000012         PendSV_Handler
                               PROC
  223 00000012                 EXPORT           PendSV_Handler            [WEAK
]
  224 00000012 E7FE            B                .
  225 00000014                 ENDP
  226 00000014         SysTick_Handler
                               PROC
  227 00000014                 EXPORT           SysTick_Handler           [WEAK
]
  228 00000014 E7FE            B                .
  229 00000016                 ENDP
  230 00000016         
  231 00000016         Default_Handler
                               PROC
  232 00000016         
  233 00000016                 EXPORT           WDT_IRQHandler            [WEAK
]
  234 00000016                 EXPORT           TIMER0_IRQHandler         [WEAK
]
  235 00000016                 EXPORT           TIMER1_IRQHandler         [WEAK
]
  236 00000016                 EXPORT           TIMER2_IRQHandler         [WEAK
]
  237 00000016                 EXPORT           TIMER3_IRQHandler         [WEAK
]
  238 00000016                 EXPORT           UART0_IRQHandler          [WEAK
]
  239 00000016                 EXPORT           UART1_IRQHandler          [WEAK
]
  240 00000016                 EXPORT           UART2_IRQHandler          [WEAK
]
  241 00000016                 EXPORT           UART3_IRQHandler          [WEAK
]
  242 00000016                 EXPORT           PWM1_IRQHandler           [WEAK



ARM Macro Assembler    Page 8 


]
  243 00000016                 EXPORT           I2C0_IRQHandler           [WEAK
]
  244 00000016                 EXPORT           I2C1_IRQHandler           [WEAK
]
  245 00000016                 EXPORT           I2C2_IRQHandler           [WEAK
]
  246 00000016                 EXPORT           SPI_IRQHandler            [WEAK
]
  247 00000016                 EXPORT           SSP0_IRQHandler           [WEAK
]
  248 00000016                 EXPORT           SSP1_IRQHandler           [WEAK
]
  249 00000016                 EXPORT           PLL0_IRQHandler           [WEAK
]
  250 00000016                 EXPORT           RTC_IRQHandler            [WEAK
]
  251 00000016                 EXPORT           EINT0_IRQHandler          [WEAK
]
  252 00000016                 EXPORT           EINT1_IRQHandler          [WEAK
]
  253 00000016                 EXPORT           EINT2_IRQHandler          [WEAK
]
  254 00000016                 EXPORT           EINT3_IRQHandler          [WEAK
]
  255 00000016                 EXPORT           ADC_IRQHandler            [WEAK
]
  256 00000016                 EXPORT           BOD_IRQHandler            [WEAK
]
  257 00000016                 EXPORT           USB_IRQHandler            [WEAK
]
  258 00000016                 EXPORT           CAN_IRQHandler            [WEAK
]
  259 00000016                 EXPORT           DMA_IRQHandler            [WEAK
]
  260 00000016                 EXPORT           I2S_IRQHandler            [WEAK
]
  261 00000016                 EXPORT           ENET_IRQHandler           [WEAK
]
  262 00000016                 EXPORT           RIT_IRQHandler            [WEAK
]
  263 00000016                 EXPORT           MCPWM_IRQHandler          [WEAK
]
  264 00000016                 EXPORT           QEI_IRQHandler            [WEAK
]
  265 00000016                 EXPORT           PLL1_IRQHandler           [WEAK
]
  266 00000016                 EXPORT           USBActivity_IRQHandler    [WEAK
]
  267 00000016                 EXPORT           CANActivity_IRQHandler    [WEAK
]
  268 00000016         
  269 00000016         WDT_IRQHandler
  270 00000016         TIMER0_IRQHandler
  271 00000016         TIMER1_IRQHandler
  272 00000016         TIMER2_IRQHandler
  273 00000016         TIMER3_IRQHandler
  274 00000016         UART0_IRQHandler
  275 00000016         UART1_IRQHandler



ARM Macro Assembler    Page 9 


  276 00000016         UART2_IRQHandler
  277 00000016         UART3_IRQHandler
  278 00000016         PWM1_IRQHandler
  279 00000016         I2C0_IRQHandler
  280 00000016         I2C1_IRQHandler
  281 00000016         I2C2_IRQHandler
  282 00000016         SPI_IRQHandler
  283 00000016         SSP0_IRQHandler
  284 00000016         SSP1_IRQHandler
  285 00000016         PLL0_IRQHandler
  286 00000016         RTC_IRQHandler
  287 00000016         EINT0_IRQHandler
  288 00000016         EINT1_IRQHandler
  289 00000016         EINT2_IRQHandler
  290 00000016         EINT3_IRQHandler
  291 00000016         ADC_IRQHandler
  292 00000016         BOD_IRQHandler
  293 00000016         USB_IRQHandler
  294 00000016         CAN_IRQHandler
  295 00000016         DMA_IRQHandler
  296 00000016         I2S_IRQHandler
  297 00000016         ENET_IRQHandler
  298 00000016         RIT_IRQHandler
  299 00000016         MCPWM_IRQHandler
  300 00000016         QEI_IRQHandler
  301 00000016         PLL1_IRQHandler
  302 00000016         USBActivity_IRQHandler
  303 00000016         CANActivity_IRQHandler
  304 00000016         
  305 00000016 E7FE            B                .
  306 00000018         
  307 00000018                 ENDP
  308 00000018         
  309 00000018         
  310 00000018                 ALIGN
  311 00000018         
  312 00000018         
  313 00000018         ; User Initial Stack & Heap
  314 00000018         
  315 00000018                 IF               :DEF:__MICROLIB
  322 00000018         
  323 00000018                 IMPORT           __use_two_region_memory
  324 00000018                 EXPORT           __user_initial_stackheap
  325 00000018         __user_initial_stackheap
  326 00000018         
  327 00000018 4803            LDR              R0, =  Heap_Mem
  328 0000001A 4904            LDR              R1, =(Stack_Mem + Stack_Size)
  329 0000001C 4A02            LDR              R2, = (Heap_Mem +  Heap_Size)
  330 0000001E 4B04            LDR              R3, = Stack_Mem
  331 00000020 4770            BX               LR
  332 00000022         
  333 00000022 00 00           ALIGN
  334 00000024         
  335 00000024                 ENDIF
  336 00000024         
  337 00000024         
  338 00000024                 END
              00000000 
              00000000 



ARM Macro Assembler    Page 10 


              00000200 
              00000000 
Command Line: --debug --xref --diag_suppress=9931 --cpu=Cortex-M3 --apcs=interw
ork --depend=.\startup_lpc17xx.d -o.\startup_lpc17xx.o -I.\RTE\_Target_1 -IC:\U
sers\HP\AppData\Local\Arm\Packs\ARM\CMSIS\5.9.0\CMSIS\Core\Include -IC:\Users\H
P\AppData\Local\Arm\Packs\Keil\LPC1700_DFP\2.7.1\Device\Include --predefine="__
EVAL SETA 1" --predefine="__UVISION_VERSION SETA 538" --predefine="_RTE_ SETA 1
" --predefine="LPC175x_6x SETA 1" --predefine="_RTE_ SETA 1" --list=.\startup_l
pc17xx.lst startup_LPC17xx.s



ARM Macro Assembler    Page 1 Alphabetic symbol ordering
Relocatable symbols

STACK 00000000

Symbol: STACK
   Definitions
      At line 29 in file startup_LPC17xx.s
   Uses
      None
Comment: STACK unused
Stack_Mem 00000000

Symbol: Stack_Mem
   Definitions
      At line 30 in file startup_LPC17xx.s
   Uses
      At line 328 in file startup_LPC17xx.s
      At line 330 in file startup_LPC17xx.s

__initial_sp 00000200

Symbol: __initial_sp
   Definitions
      At line 31 in file startup_LPC17xx.s
   Uses
      At line 55 in file startup_LPC17xx.s
Comment: __initial_sp used once
3 symbols



ARM Macro Assembler    Page 1 Alphabetic symbol ordering
Relocatable symbols

HEAP 00000000

Symbol: HEAP
   Definitions
      At line 40 in file startup_LPC17xx.s
   Uses
      None
Comment: HEAP unused
Heap_Mem 00000000

Symbol: Heap_Mem
   Definitions
      At line 42 in file startup_LPC17xx.s
   Uses
      At line 327 in file startup_LPC17xx.s
      At line 329 in file startup_LPC17xx.s

__heap_base 00000000

Symbol: __heap_base
   Definitions
      At line 41 in file startup_LPC17xx.s
   Uses
      None
Comment: __heap_base unused
__heap_limit 00000000

Symbol: __heap_limit
   Definitions
      At line 43 in file startup_LPC17xx.s
   Uses
      None
Comment: __heap_limit unused
4 symbols



ARM Macro Assembler    Page 1 Alphabetic symbol ordering
Relocatable symbols

RESET 00000000

Symbol: RESET
   Definitions
      At line 52 in file startup_LPC17xx.s
   Uses
      None
Comment: RESET unused
__Vectors 00000000

Symbol: __Vectors
   Definitions
      At line 55 in file startup_LPC17xx.s
   Uses
      At line 53 in file startup_LPC17xx.s
Comment: __Vectors used once
2 symbols



ARM Macro Assembler    Page 1 Alphabetic symbol ordering
Relocatable symbols

.ARM.__at_0x02FC 00000000

Symbol: .ARM.__at_0x02FC
   Definitions
      At line 111 in file startup_LPC17xx.s
   Uses
      None
Comment: .ARM.__at_0x02FC unused
CRP_Key 00000000

Symbol: CRP_Key
   Definitions
      At line 112 in file startup_LPC17xx.s
   Uses
      None
Comment: CRP_Key unused
2 symbols



ARM Macro Assembler    Page 1 Alphabetic symbol ordering
Relocatable symbols

converted_symbols 00000090

Symbol: converted_symbols
   Definitions
      At line 122 in file startup_LPC17xx.s
   Uses
      At line 145 in file startup_LPC17xx.s
Comment: converted_symbols used once
morse 00000000

Symbol: morse
   Definitions
      At line 115 in file startup_LPC17xx.s
   Uses
      None
Comment: morse unused
morse_symbols 00000000

Symbol: morse_symbols
   Definitions
      At line 116 in file startup_LPC17xx.s
   Uses
      At line 144 in file startup_LPC17xx.s
Comment: morse_symbols used once
3 symbols



ARM Macro Assembler    Page 1 Alphabetic symbol ordering
Relocatable symbols

cfr_loop 00000034

Symbol: cfr_loop
   Definitions
      At line 147 in file startup_LPC17xx.s
   Uses
      At line 159 in file startup_LPC17xx.s
Comment: cfr_loop used once
cfr_symbol 00000028

Symbol: cfr_symbol
   Definitions
      At line 142 in file startup_LPC17xx.s
   Uses
      None
Comment: cfr_symbol unused
char_loop 00000012

Symbol: char_loop
   Definitions
      At line 133 in file startup_LPC17xx.s
   Uses
      At line 168 in file startup_LPC17xx.s
Comment: char_loop used once
check_space 00000056

Symbol: check_space
   Definitions
      At line 161 in file startup_LPC17xx.s
   Uses
      At line 148 in file startup_LPC17xx.s
      At line 156 in file startup_LPC17xx.s

morse_code 00000000

Symbol: morse_code
   Definitions
      At line 124 in file startup_LPC17xx.s
   Uses
      None
Comment: morse_code unused
next 00000068

Symbol: next
   Definitions
      At line 167 in file startup_LPC17xx.s
   Uses
      At line 140 in file startup_LPC17xx.s
Comment: next used once
result 0000006E

Symbol: result
   Definitions
      At line 170 in file startup_LPC17xx.s
   Uses
      At line 134 in file startup_LPC17xx.s
Comment: result used once
translate_morse 00000000




ARM Macro Assembler    Page 2 Alphabetic symbol ordering
Relocatable symbols

Symbol: translate_morse
   Definitions
      At line 126 in file startup_LPC17xx.s
   Uses
      At line 125 in file startup_LPC17xx.s
Comment: translate_morse used once
update_symbol 00000020

Symbol: update_symbol
   Definitions
      At line 139 in file startup_LPC17xx.s
   Uses
      None
Comment: update_symbol unused
9 symbols



ARM Macro Assembler    Page 1 Alphabetic symbol ordering
Relocatable symbols

.text 00000000

Symbol: .text
   Definitions
      At line 174 in file startup_LPC17xx.s
   Uses
      None
Comment: .text unused
ADC_IRQHandler 00000016

Symbol: ADC_IRQHandler
   Definitions
      At line 291 in file startup_LPC17xx.s
   Uses
      At line 95 in file startup_LPC17xx.s
      At line 255 in file startup_LPC17xx.s

BOD_IRQHandler 00000016

Symbol: BOD_IRQHandler
   Definitions
      At line 292 in file startup_LPC17xx.s
   Uses
      At line 96 in file startup_LPC17xx.s
      At line 256 in file startup_LPC17xx.s

BusFault_Handler 0000000A

Symbol: BusFault_Handler
   Definitions
      At line 204 in file startup_LPC17xx.s
   Uses
      At line 60 in file startup_LPC17xx.s
      At line 205 in file startup_LPC17xx.s

CANActivity_IRQHandler 00000016

Symbol: CANActivity_IRQHandler
   Definitions
      At line 303 in file startup_LPC17xx.s
   Uses
      At line 107 in file startup_LPC17xx.s
      At line 267 in file startup_LPC17xx.s

CAN_IRQHandler 00000016

Symbol: CAN_IRQHandler
   Definitions
      At line 294 in file startup_LPC17xx.s
   Uses
      At line 98 in file startup_LPC17xx.s
      At line 258 in file startup_LPC17xx.s

DMA_IRQHandler 00000016

Symbol: DMA_IRQHandler
   Definitions
      At line 295 in file startup_LPC17xx.s
   Uses



ARM Macro Assembler    Page 2 Alphabetic symbol ordering
Relocatable symbols

      At line 99 in file startup_LPC17xx.s
      At line 259 in file startup_LPC17xx.s

DebugMon_Handler 00000010

Symbol: DebugMon_Handler
   Definitions
      At line 218 in file startup_LPC17xx.s
   Uses
      At line 67 in file startup_LPC17xx.s
      At line 219 in file startup_LPC17xx.s

Default_Handler 00000016

Symbol: Default_Handler
   Definitions
      At line 231 in file startup_LPC17xx.s
   Uses
      None
Comment: Default_Handler unused
EINT0_IRQHandler 00000016

Symbol: EINT0_IRQHandler
   Definitions
      At line 287 in file startup_LPC17xx.s
   Uses
      At line 91 in file startup_LPC17xx.s
      At line 251 in file startup_LPC17xx.s

EINT1_IRQHandler 00000016

Symbol: EINT1_IRQHandler
   Definitions
      At line 288 in file startup_LPC17xx.s
   Uses
      At line 92 in file startup_LPC17xx.s
      At line 252 in file startup_LPC17xx.s

EINT2_IRQHandler 00000016

Symbol: EINT2_IRQHandler
   Definitions
      At line 289 in file startup_LPC17xx.s
   Uses
      At line 93 in file startup_LPC17xx.s
      At line 253 in file startup_LPC17xx.s

EINT3_IRQHandler 00000016

Symbol: EINT3_IRQHandler
   Definitions
      At line 290 in file startup_LPC17xx.s
   Uses
      At line 94 in file startup_LPC17xx.s
      At line 254 in file startup_LPC17xx.s

ENET_IRQHandler 00000016

Symbol: ENET_IRQHandler



ARM Macro Assembler    Page 3 Alphabetic symbol ordering
Relocatable symbols

   Definitions
      At line 297 in file startup_LPC17xx.s
   Uses
      At line 101 in file startup_LPC17xx.s
      At line 261 in file startup_LPC17xx.s

HardFault_Handler 00000006

Symbol: HardFault_Handler
   Definitions
      At line 194 in file startup_LPC17xx.s
   Uses
      At line 58 in file startup_LPC17xx.s
      At line 195 in file startup_LPC17xx.s

I2C0_IRQHandler 00000016

Symbol: I2C0_IRQHandler
   Definitions
      At line 279 in file startup_LPC17xx.s
   Uses
      At line 83 in file startup_LPC17xx.s
      At line 243 in file startup_LPC17xx.s

I2C1_IRQHandler 00000016

Symbol: I2C1_IRQHandler
   Definitions
      At line 280 in file startup_LPC17xx.s
   Uses
      At line 84 in file startup_LPC17xx.s
      At line 244 in file startup_LPC17xx.s

I2C2_IRQHandler 00000016

Symbol: I2C2_IRQHandler
   Definitions
      At line 281 in file startup_LPC17xx.s
   Uses
      At line 85 in file startup_LPC17xx.s
      At line 245 in file startup_LPC17xx.s

I2S_IRQHandler 00000016

Symbol: I2S_IRQHandler
   Definitions
      At line 296 in file startup_LPC17xx.s
   Uses
      At line 100 in file startup_LPC17xx.s
      At line 260 in file startup_LPC17xx.s

MCPWM_IRQHandler 00000016

Symbol: MCPWM_IRQHandler
   Definitions
      At line 299 in file startup_LPC17xx.s
   Uses
      At line 103 in file startup_LPC17xx.s
      At line 263 in file startup_LPC17xx.s



ARM Macro Assembler    Page 4 Alphabetic symbol ordering
Relocatable symbols


MemManage_Handler 00000008

Symbol: MemManage_Handler
   Definitions
      At line 199 in file startup_LPC17xx.s
   Uses
      At line 59 in file startup_LPC17xx.s
      At line 200 in file startup_LPC17xx.s

NMI_Handler 00000004

Symbol: NMI_Handler
   Definitions
      At line 189 in file startup_LPC17xx.s
   Uses
      At line 57 in file startup_LPC17xx.s
      At line 190 in file startup_LPC17xx.s

PLL0_IRQHandler 00000016

Symbol: PLL0_IRQHandler
   Definitions
      At line 285 in file startup_LPC17xx.s
   Uses
      At line 89 in file startup_LPC17xx.s
      At line 249 in file startup_LPC17xx.s

PLL1_IRQHandler 00000016

Symbol: PLL1_IRQHandler
   Definitions
      At line 301 in file startup_LPC17xx.s
   Uses
      At line 105 in file startup_LPC17xx.s
      At line 265 in file startup_LPC17xx.s

PWM1_IRQHandler 00000016

Symbol: PWM1_IRQHandler
   Definitions
      At line 278 in file startup_LPC17xx.s
   Uses
      At line 82 in file startup_LPC17xx.s
      At line 242 in file startup_LPC17xx.s

PendSV_Handler 00000012

Symbol: PendSV_Handler
   Definitions
      At line 222 in file startup_LPC17xx.s
   Uses
      At line 69 in file startup_LPC17xx.s
      At line 223 in file startup_LPC17xx.s

QEI_IRQHandler 00000016

Symbol: QEI_IRQHandler
   Definitions



ARM Macro Assembler    Page 5 Alphabetic symbol ordering
Relocatable symbols

      At line 300 in file startup_LPC17xx.s
   Uses
      At line 104 in file startup_LPC17xx.s
      At line 264 in file startup_LPC17xx.s

RIT_IRQHandler 00000016

Symbol: RIT_IRQHandler
   Definitions
      At line 298 in file startup_LPC17xx.s
   Uses
      At line 102 in file startup_LPC17xx.s
      At line 262 in file startup_LPC17xx.s

RTC_IRQHandler 00000016

Symbol: RTC_IRQHandler
   Definitions
      At line 286 in file startup_LPC17xx.s
   Uses
      At line 90 in file startup_LPC17xx.s
      At line 250 in file startup_LPC17xx.s

Reset_Handler 00000000

Symbol: Reset_Handler
   Definitions
      At line 179 in file startup_LPC17xx.s
   Uses
      At line 56 in file startup_LPC17xx.s
      At line 180 in file startup_LPC17xx.s

SPI_IRQHandler 00000016

Symbol: SPI_IRQHandler
   Definitions
      At line 282 in file startup_LPC17xx.s
   Uses
      At line 86 in file startup_LPC17xx.s
      At line 246 in file startup_LPC17xx.s

SSP0_IRQHandler 00000016

Symbol: SSP0_IRQHandler
   Definitions
      At line 283 in file startup_LPC17xx.s
   Uses
      At line 87 in file startup_LPC17xx.s
      At line 247 in file startup_LPC17xx.s

SSP1_IRQHandler 00000016

Symbol: SSP1_IRQHandler
   Definitions
      At line 284 in file startup_LPC17xx.s
   Uses
      At line 88 in file startup_LPC17xx.s
      At line 248 in file startup_LPC17xx.s




ARM Macro Assembler    Page 6 Alphabetic symbol ordering
Relocatable symbols

SVC_Handler 0000000E

Symbol: SVC_Handler
   Definitions
      At line 213 in file startup_LPC17xx.s
   Uses
      At line 66 in file startup_LPC17xx.s
      At line 214 in file startup_LPC17xx.s

SysTick_Handler 00000014

Symbol: SysTick_Handler
   Definitions
      At line 226 in file startup_LPC17xx.s
   Uses
      At line 70 in file startup_LPC17xx.s
      At line 227 in file startup_LPC17xx.s

TIMER0_IRQHandler 00000016

Symbol: TIMER0_IRQHandler
   Definitions
      At line 270 in file startup_LPC17xx.s
   Uses
      At line 74 in file startup_LPC17xx.s
      At line 234 in file startup_LPC17xx.s

TIMER1_IRQHandler 00000016

Symbol: TIMER1_IRQHandler
   Definitions
      At line 271 in file startup_LPC17xx.s
   Uses
      At line 75 in file startup_LPC17xx.s
      At line 235 in file startup_LPC17xx.s

TIMER2_IRQHandler 00000016

Symbol: TIMER2_IRQHandler
   Definitions
      At line 272 in file startup_LPC17xx.s
   Uses
      At line 76 in file startup_LPC17xx.s
      At line 236 in file startup_LPC17xx.s

TIMER3_IRQHandler 00000016

Symbol: TIMER3_IRQHandler
   Definitions
      At line 273 in file startup_LPC17xx.s
   Uses
      At line 77 in file startup_LPC17xx.s
      At line 237 in file startup_LPC17xx.s

UART0_IRQHandler 00000016

Symbol: UART0_IRQHandler
   Definitions
      At line 274 in file startup_LPC17xx.s



ARM Macro Assembler    Page 7 Alphabetic symbol ordering
Relocatable symbols

   Uses
      At line 78 in file startup_LPC17xx.s
      At line 238 in file startup_LPC17xx.s

UART1_IRQHandler 00000016

Symbol: UART1_IRQHandler
   Definitions
      At line 275 in file startup_LPC17xx.s
   Uses
      At line 79 in file startup_LPC17xx.s
      At line 239 in file startup_LPC17xx.s

UART2_IRQHandler 00000016

Symbol: UART2_IRQHandler
   Definitions
      At line 276 in file startup_LPC17xx.s
   Uses
      At line 80 in file startup_LPC17xx.s
      At line 240 in file startup_LPC17xx.s

UART3_IRQHandler 00000016

Symbol: UART3_IRQHandler
   Definitions
      At line 277 in file startup_LPC17xx.s
   Uses
      At line 81 in file startup_LPC17xx.s
      At line 241 in file startup_LPC17xx.s

USBActivity_IRQHandler 00000016

Symbol: USBActivity_IRQHandler
   Definitions
      At line 302 in file startup_LPC17xx.s
   Uses
      At line 106 in file startup_LPC17xx.s
      At line 266 in file startup_LPC17xx.s

USB_IRQHandler 00000016

Symbol: USB_IRQHandler
   Definitions
      At line 293 in file startup_LPC17xx.s
   Uses
      At line 97 in file startup_LPC17xx.s
      At line 257 in file startup_LPC17xx.s

UsageFault_Handler 0000000C

Symbol: UsageFault_Handler
   Definitions
      At line 209 in file startup_LPC17xx.s
   Uses
      At line 61 in file startup_LPC17xx.s
      At line 210 in file startup_LPC17xx.s

WDT_IRQHandler 00000016



ARM Macro Assembler    Page 8 Alphabetic symbol ordering
Relocatable symbols


Symbol: WDT_IRQHandler
   Definitions
      At line 269 in file startup_LPC17xx.s
   Uses
      At line 73 in file startup_LPC17xx.s
      At line 233 in file startup_LPC17xx.s

__user_initial_stackheap 00000018

Symbol: __user_initial_stackheap
   Definitions
      At line 325 in file startup_LPC17xx.s
   Uses
      At line 324 in file startup_LPC17xx.s
Comment: __user_initial_stackheap used once
48 symbols



ARM Macro Assembler    Page 1 Alphabetic symbol ordering
Absolute symbols

Heap_Size 00000000

Symbol: Heap_Size
   Definitions
      At line 38 in file startup_LPC17xx.s
   Uses
      At line 42 in file startup_LPC17xx.s
      At line 329 in file startup_LPC17xx.s

Stack_Size 00000200

Symbol: Stack_Size
   Definitions
      At line 27 in file startup_LPC17xx.s
   Uses
      At line 30 in file startup_LPC17xx.s
      At line 328 in file startup_LPC17xx.s

2 symbols



ARM Macro Assembler    Page 1 Alphabetic symbol ordering
External symbols

__main 00000000

Symbol: __main
   Definitions
      At line 181 in file startup_LPC17xx.s
   Uses
      At line 182 in file startup_LPC17xx.s
Comment: __main used once
__use_two_region_memory 00000000

Symbol: __use_two_region_memory
   Definitions
      At line 323 in file startup_LPC17xx.s
   Uses
      None
Comment: __use_two_region_memory unused
2 symbols
417 symbols in table
